[Licensing::Module] Trying to connect to existing licensing client channel...
Built from '6000.3/staging' branch; Version is '6000.3.4f1 (fdd3b8998ec4) revision 16634808'; Using compiler version '194234433'; Build Type 'Release'
OS: 'Windows 11  (10.0.26200) Core' Language: 'en' Physical Memory: 31848 MB
BatchMode: 1, IsHumanControllingUs: 0, StartBugReporterOnCrash: 0, Is64bit: 1
[Licensing::IpcConnector] Successfully connected to: "LicenseClient-msmma" at "2026-02-08T22:14:19.590801Z"
System  architecture: x64
Process architecture: x64
Date: 2026-02-08T22:14:19Z

COMMAND LINE ARGUMENTS:
D:\Unity\Editors\6000.3.4f1\Editor\Unity.exe
-adb2
-batchMode
-noUpm
-name
AssetImportWorker10
-projectPath
D:/Unity/Projects/Highlands2
-logFile
Logs/AssetImportWorker10.log
-srvPort
59261
-licensingIpc
LicenseClient-msmma
-job-worker-count
11
-background-job-worker-count
8
-gc-helper-count
1
-name
AssetImport
Successfully changed project path to: D:/Unity/Projects/Highlands2
D:/Unity/Projects/Highlands2
[UnityMemory] Configuration Parameters - Can be set up in boot.config
    "memorysetup-temp-allocator-size-nav-mesh-worker=65536"
    "memorysetup-temp-allocator-size-audio-worker=65536"
    "memorysetup-temp-allocator-size-gfx=262144"
    "memorysetup-allocator-temp-initial-block-size-main=262144"
    "memorysetup-allocator-temp-initial-block-size-worker=262144"
    "memorysetup-temp-allocator-size-background-worker=32768"
    "memorysetup-temp-allocator-size-job-worker=262144"
    "memorysetup-temp-allocator-size-preload-manager=33554432"
    "memorysetup-temp-allocator-size-gi-baking-worker=262144"
    "memorysetup-temp-allocator-size-gi-baking-worker=262144"
    "memorysetup-temp-allocator-size-gi-baking-worker=262144"
    "memorysetup-temp-allocator-size-gi-baking-worker=262144"
    "memorysetup-temp-allocator-size-gi-baking-worker=262144"
    "memorysetup-bucket-allocator-granularity=16"
    "memorysetup-bucket-allocator-bucket-count=8"
    "memorysetup-bucket-allocator-block-size=33554432"
    "memorysetup-bucket-allocator-block-count=8"
    "memorysetup-main-allocator-block-size=16777216"
    "memorysetup-thread-allocator-block-size=16777216"
    "memorysetup-gfx-main-allocator-block-size=16777216"
    "memorysetup-gfx-thread-allocator-block-size=16777216"
    "memorysetup-cache-allocator-block-size=4194304"
    "memorysetup-typetree-allocator-block-size=2097152"
    "memorysetup-profiler-bucket-allocator-granularity=16"
    "memorysetup-profiler-bucket-allocator-bucket-count=8"
    "memorysetup-profiler-bucket-allocator-block-size=33554432"
    "memorysetup-profiler-bucket-allocator-block-count=8"
    "memorysetup-profiler-allocator-block-size=16777216"
    "memorysetup-profiler-editor-allocator-block-size=1048576"
    "memorysetup-temp-allocator-size-main=16777216"
    "memorysetup-job-temp-allocator-block-size=2097152"
    "memorysetup-job-temp-allocator-block-size-background=1048576"
    "memorysetup-job-temp-allocator-reduction-small-platforms=262144"
    "memorysetup-temp-allocator-size-cloud-worker=32768"
Player connection [29660]  Target information:

Player connection [29660]  * "[IP] 10.0.0.157 [Port] 0 [Flags] 2 [Guid] 62686226 [EditorId] 62686226 [Version] 1048832 [Id] WindowsEditor(7,maj5080) [Debug] 1 [PackageName] WindowsEditor [ProjectName] Editor" 

Player connection [29660] Host joined multi-casting on [225.0.0.222:54997]...
Player connection [29660] Host joined alternative multi-casting on [225.0.0.222:34997]...
JobSystem: Creating JobQueue using job-worker-count value 11
Input System module state changed to: Initialized.
[Physics::Module] Initialized fallback backend.
[Physics::Module] Id: 0xdecafbad
Library Redirect Path: Library/
[Physics::Module] Selected backend.
[Physics::Module] Name: PhysX
[Physics::Module] Id: 0xf2b8ea05
[Physics::Module] SDK Version: 4.1.2
[Physics::Module] Integration Version: 1.0.0
[Physics::Module] Threading Mode: Multi-Threaded
Refreshing native plugins compatible for Editor in 2.92 ms, found 4 plugins.
Preloading 0 native plugins for Editor in 0.00 ms.
Initialize engine version: 6000.3.4f1 (fdd3b8998ec4)
[Subsystems] Discovering subsystems at path D:/Unity/Editors/6000.3.4f1/Editor/Data/Resources/UnitySubsystems
[Subsystems] Discovering subsystems at path D:/Unity/Projects/Highlands2/Assets
GfxDevice: creating device client; kGfxThreadingModeNonThreaded
Direct3D:
    Version:  Direct3D 11.0 [level 11.1]
    Renderer: NVIDIA GeForce RTX 5080 (ID=0x2c02)
    Vendor:   NVIDIA
    VRAM:     15977 MB
    Driver:   32.0.15.9174
Initialize mono
Mono path[0] = 'D:/Unity/Editors/6000.3.4f1/Editor/Data/Managed'
Mono path[1] = 'D:/Unity/Editors/6000.3.4f1/Editor/Data/MonoBleedingEdge/lib/mono/unityjit-win32'
Mono config path = 'D:/Unity/Editors/6000.3.4f1/Editor/Data/MonoBleedingEdge/etc'
Using monoOptions --debugger-agent=transport=dt_socket,embedding=1,server=y,suspend=n,address=127.0.0.1:56108
Begin MonoManager ReloadAssembly
Registering precompiled unity dll's ...
Register platform support module: D:/Unity/Editors/6000.3.4f1/Editor/Data/PlaybackEngines/WebGLSupport/UnityEditor.WebGL.Extensions.dll
Register platform support module: D:/Unity/Editors/6000.3.4f1/Editor/Data/PlaybackEngines/WindowsStandaloneSupport/UnityEditor.WindowsStandalone.Extensions.dll
Registered in 0.001158 seconds.
- Loaded All Assemblies, in  0.267 seconds
Native extension for WindowsStandalone target not found
Native extension for WebGL target not found
[Licensing::Client] Handshaking with LicensingClient:
  Version:                 1.17.4+4293ba1
  Session Id:              575615dc45e74a768ed483b76d19ba27
  Correlation Id:          56c88d0a70b3d645d990e14609c1cc8e
  External correlation Id: 3952315011413053901
  Machine Id:              XRjTGZqox12vw8ISmOdrZKVA0I8=
[Licensing::Module] Successfully connected to LicensingClient on channel: "LicenseClient-msmma" (connect: 0.00s, validation: 0.00s, handshake: 0.96s)
[Licensing::IpcConnector] Successfully connected to: "LicenseClient-msmma-notifications" at "2026-02-08T22:14:20.5504675Z"
[Licensing::Module] Licensing Background thread has ended after 0.96s
ScheduleIndexationOnStartup MainProcess:False IndexOnStartup:True
Mono: successfully reloaded assembly
- Finished resetting the current domain, in  0.250 seconds
Domain Reload Profiling: 516ms
	BeginReloadAssembly (92ms)
		ExecutionOrderSort (0ms)
		DisableScriptedObjects (0ms)
		BackupInstance (0ms)
		ReleaseScriptingObjects (0ms)
		CreateAndSetChildDomain (0ms)
	RebuildCommonClasses (24ms)
	RebuildNativeTypeToScriptingClass (8ms)
	initialDomainReloadingComplete (27ms)
	LoadAllAssembliesAndSetupDomain (115ms)
		LoadAssemblies (92ms)
		RebuildTransferFunctionScriptingTraits (0ms)
		AnalyzeDomain (113ms)
			TypeCache.Refresh (110ms)
				TypeCache.ScanAssembly (101ms)
			BuildScriptInfoCaches (0ms)
			ResolveRequiredComponents (0ms)
	FinalizeReload (250ms)
		ReleaseScriptCaches (0ms)
		RebuildScriptCaches (0ms)
		SetupLoadedEditorAssemblies (219ms)
			LogAssemblyErrors (0ms)
			InitializePlatformSupportModulesInManaged (34ms)
			SetLoadedEditorAssemblies (2ms)
			BeforeProcessingInitializeOnLoad (49ms)
			ProcessInitializeOnLoadAttributes (89ms)
			ProcessInitializeOnLoadMethodAttributes (45ms)
			AfterProcessingInitializeOnLoad (0ms)
			EditorAssembliesLoaded (0ms)
		ExecutionOrderSort2 (0ms)
		AwakeInstancesAfterBackupRestoration (0ms)
========================================================================
Worker process is ready to serve import requests
Import Worker Mode flag is 0x00
Begin MonoManager ReloadAssembly
[Licensing::Client] Successfully resolved entitlement details
[Licensing::Module] License group:
  Id: 20066375288732-UnityPersXXXX
  Product: Unity Personal
  Type: Assigned
  Expiration: Unlimited
- Loaded All Assemblies, in  0.492 seconds
Refreshing native plugins compatible for Editor in 1.11 ms, found 4 plugins.
Native extension for WindowsStandalone target not found
Native extension for WebGL target not found
Package Manager log level set to [2]
[Package Manager] Failed to launch server process. Reason: Unity was launched with the -noUpm command-line argument
[Package Manager] Unable to send message (not connected to server process).
[Package Manager] Cannot connect to Unity Package Manager local server
ScheduleIndexationOnStartup MainProcess:False IndexOnStartup:True
Mono: successfully reloaded assembly
- Finished resetting the current domain, in  0.424 seconds
Domain Reload Profiling: 915ms
	BeginReloadAssembly (127ms)
		ExecutionOrderSort (0ms)
		DisableScriptedObjects (4ms)
		BackupInstance (0ms)
		ReleaseScriptingObjects (0ms)
		CreateAndSetChildDomain (29ms)
	RebuildCommonClasses (22ms)
	RebuildNativeTypeToScriptingClass (7ms)
	initialDomainReloadingComplete (21ms)
	LoadAllAssembliesAndSetupDomain (313ms)
		LoadAssemblies (220ms)
		RebuildTransferFunctionScriptingTraits (0ms)
		AnalyzeDomain (164ms)
			TypeCache.Refresh (120ms)
				TypeCache.ScanAssembly (110ms)
			BuildScriptInfoCaches (34ms)
			ResolveRequiredComponents (6ms)
	FinalizeReload (424ms)
		ReleaseScriptCaches (0ms)
		RebuildScriptCaches (0ms)
		SetupLoadedEditorAssemblies (348ms)
			LogAssemblyErrors (0ms)
			InitializePlatformSupportModulesInManaged (1ms)
			SetLoadedEditorAssemblies (2ms)
			BeforeProcessingInitializeOnLoad (87ms)
			ProcessInitializeOnLoadAttributes (215ms)
			ProcessInitializeOnLoadMethodAttributes (42ms)
			AfterProcessingInitializeOnLoad (1ms)
			EditorAssembliesLoaded (0ms)
		ExecutionOrderSort2 (0ms)
		AwakeInstancesAfterBackupRestoration (8ms)
WARNING: Shader Unsupported: 'Hidden/Universal Render Pipeline/Terrain/Lit (Base Pass)' - All subshaders removed
WARNING: Shader Did you use #pragma only_renderers and omit this platform?
WARNING: Shader If subshaders removal was intentional, you may have forgotten turning Fallback off?
WARNING: Shader Unsupported: 'Hidden/Universal Render Pipeline/Terrain/Lit (Base Pass)' - All subshaders removed
WARNING: Shader Did you use #pragma only_renderers and omit this platform?
WARNING: Shader If subshaders removal was intentional, you may have forgotten turning Fallback off?
WARNING: Shader Unsupported: 'Universal Render Pipeline/Terrain/Lit' - All subshaders removed
WARNING: Shader Did you use #pragma only_renderers and omit this platform?
WARNING: Shader If subshaders removal was intentional, you may have forgotten turning Fallback off?
WARNING: Shader Unsupported: 'Universal Render Pipeline/Terrain/Lit' - All subshaders removed
WARNING: Shader Did you use #pragma only_renderers and omit this platform?
WARNING: Shader If subshaders removal was intentional, you may have forgotten turning Fallback off?
Launched and connected shader compiler UnityShaderCompiler.exe after 0.01 seconds
Refreshing native plugins compatible for Editor in 1.03 ms, found 4 plugins.
Preloading 0 native plugins for Editor in 0.00 ms.
Unloading 45 Unused Serialized files (Serialized files now loaded: 0)
Unloading 6968 unused Assets / (6.3 MB). Loaded Objects now: 7623.
Memory consumption went from 157.4 MB to 151.1 MB.
Total: 6.200200 ms (FindLiveObjects: 0.613700 ms CreateObjectMapping: 0.152300 ms MarkObjects: 3.628100 ms  DeleteObjects: 1.805400 ms)

========================================================================
Received Import Request.
  Time since last request: 1756499.673454 seconds.
  path: Assets/ThirdParty/GoldenSkullStudios/2D/2D_Iso_Tile_Pack_Starter/Autotiles/Fence/Sprites/ISO_Fence_01_S2-SE-NW.png
  artifactKey: Guid(9b801b952c0db914f9aeceb8f53f29d7) Importer(815301076,1909f56bfc062723c751e8b465ee728b)
Start importing Assets/ThirdParty/GoldenSkullStudios/2D/2D_Iso_Tile_Pack_Starter/Autotiles/Fence/Sprites/ISO_Fence_01_S2-SE-NW.png using Guid(9b801b952c0db914f9aeceb8f53f29d7) Importer(815301076,1909f56bfc062723c751e8b465ee728b) (PreviewImporter) -> (artifact id: '01082bbc262a1a44f561155a30658fe1') in 0.2032452 seconds
Number of updated asset objects reloaded before import = 0Number of asset objects unloaded after import = 609

========================================================================
Received Import Request.
  Time since last request: 0.454837 seconds.
  path: Assets/ThirdParty/GoldenSkullStudios/2D/2D_Iso_Tile_Pack_Starter/Sprites/Low/ISO_LowTile_Sand_01.png
  artifactKey: Guid(f6cf977306fdf9843a5a111111ce4d5f) Importer(815301076,1909f56bfc062723c751e8b465ee728b)
Start importing Assets/ThirdParty/GoldenSkullStudios/2D/2D_Iso_Tile_Pack_Starter/Sprites/Low/ISO_LowTile_Sand_01.png using Guid(f6cf977306fdf9843a5a111111ce4d5f) Importer(815301076,1909f56bfc062723c751e8b465ee728b) (PreviewImporter) -> (artifact id: '2abccd20d2150c9801054d6c3af220ec') in 0.1142029 seconds
Number of updated asset objects reloaded before import = 0Number of asset objects unloaded after import = 609

========================================================================
Received Prepare
Begin MonoManager ReloadAssembly
- Loaded All Assemblies, in  0.592 seconds
Refreshing native plugins compatible for Editor in 1.00 ms, found 4 plugins.
Native extension for WindowsStandalone target not found
Native extension for WebGL target not found
[Package Manager] Failed to launch server process. Reason: Unity was launched with the -noUpm command-line argument
[Package Manager] Unable to send message (not connected to server process).
[Package Manager] Cannot connect to Unity Package Manager local server
ScheduleIndexationOnStartup MainProcess:False IndexOnStartup:True
Mono: successfully reloaded assembly
- Finished resetting the current domain, in  0.467 seconds
Domain Reload Profiling: 1062ms
	BeginReloadAssembly (233ms)
		ExecutionOrderSort (0ms)
		DisableScriptedObjects (7ms)
		BackupInstance (0ms)
		ReleaseScriptingObjects (0ms)
		CreateAndSetChildDomain (49ms)
	RebuildCommonClasses (24ms)
	RebuildNativeTypeToScriptingClass (9ms)
	initialDomainReloadingComplete (15ms)
	LoadAllAssembliesAndSetupDomain (314ms)
		LoadAssemblies (321ms)
		RebuildTransferFunctionScriptingTraits (0ms)
		AnalyzeDomain (137ms)
			TypeCache.Refresh (6ms)
				TypeCache.ScanAssembly (0ms)
			BuildScriptInfoCaches (118ms)
			ResolveRequiredComponents (8ms)
	FinalizeReload (467ms)
		ReleaseScriptCaches (0ms)
		RebuildScriptCaches (0ms)
		SetupLoadedEditorAssemblies (371ms)
			LogAssemblyErrors (0ms)
			InitializePlatformSupportModulesInManaged (1ms)
			SetLoadedEditorAssemblies (2ms)
			BeforeProcessingInitializeOnLoad (106ms)
			ProcessInitializeOnLoadAttributes (215ms)
			ProcessInitializeOnLoadMethodAttributes (45ms)
			AfterProcessingInitializeOnLoad (1ms)
			EditorAssembliesLoaded (0ms)
		ExecutionOrderSort2 (0ms)
		AwakeInstancesAfterBackupRestoration (7ms)
WARNING: Shader Unsupported: 'Hidden/Universal Render Pipeline/Terrain/Lit (Base Pass)' - All subshaders removed
WARNING: Shader Did you use #pragma only_renderers and omit this platform?
WARNING: Shader If subshaders removal was intentional, you may have forgotten turning Fallback off?
WARNING: Shader Unsupported: 'Hidden/Universal Render Pipeline/Terrain/Lit (Base Pass)' - All subshaders removed
WARNING: Shader Did you use #pragma only_renderers and omit this platform?
WARNING: Shader If subshaders removal was intentional, you may have forgotten turning Fallback off?
WARNING: Shader Unsupported: 'Universal Render Pipeline/Terrain/Lit' - All subshaders removed
WARNING: Shader Did you use #pragma only_renderers and omit this platform?
WARNING: Shader If subshaders removal was intentional, you may have forgotten turning Fallback off?
WARNING: Shader Unsupported: 'Universal Render Pipeline/Terrain/Lit' - All subshaders removed
WARNING: Shader Did you use #pragma only_renderers and omit this platform?
WARNING: Shader If subshaders removal was intentional, you may have forgotten turning Fallback off?
Refreshing native plugins compatible for Editor in 2.04 ms, found 4 plugins.
Preloading 0 native plugins for Editor in 0.00 ms.
Unloading 45 Unused Serialized files (Serialized files now loaded: 0)
Unloading 6968 unused Assets / (7.7 MB). Loaded Objects now: 7636.
Memory consumption went from 167.5 MB to 159.8 MB.
Total: 9.367600 ms (FindLiveObjects: 0.733000 ms CreateObjectMapping: 0.176500 ms MarkObjects: 4.940400 ms  DeleteObjects: 3.516400 ms)

Prepare: number of updated asset objects reloaded= 0
========================================================================
Received Import Request.
  Time since last request: 29.080354 seconds.
  path: Assets/ThirdParty/GoldenSkullStudios/2D/2D_Iso_Tile_Pack_Starter/Autotiles/Roof_Hay_Simple/Sprites/ISO_Roof_Hay_01_T_C3_SW.png
  artifactKey: Guid(632cdbca9246a1f4db5cea40cb3f75c9) Importer(815301076,1909f56bfc062723c751e8b465ee728b)
Start importing Assets/ThirdParty/GoldenSkullStudios/2D/2D_Iso_Tile_Pack_Starter/Autotiles/Roof_Hay_Simple/Sprites/ISO_Roof_Hay_01_T_C3_SW.png using Guid(632cdbca9246a1f4db5cea40cb3f75c9) Importer(815301076,1909f56bfc062723c751e8b465ee728b) (PreviewImporter) -> (artifact id: '589e94f034af6c153e9851b4b35728ee') in 0.1909906 seconds
Number of updated asset objects reloaded before import = 0Number of asset objects unloaded after import = 609

========================================================================
Received Import Request.
  Time since last request: 0.000028 seconds.
  path: Assets/ThirdParty/GoldenSkullStudios/2D/2D_Iso_Tile_Pack_Starter/Autotiles/Roof_Hay_Simple/Sprites/ISO_Roof_Hay_01_T_E1_SE.png
  artifactKey: Guid(da462ec7bf7054b40887892a61052799) Importer(815301076,1909f56bfc062723c751e8b465ee728b)
Start importing Assets/ThirdParty/GoldenSkullStudios/2D/2D_Iso_Tile_Pack_Starter/Autotiles/Roof_Hay_Simple/Sprites/ISO_Roof_Hay_01_T_E1_SE.png using Guid(da462ec7bf7054b40887892a61052799) Importer(815301076,1909f56bfc062723c751e8b465ee728b) (PreviewImporter) -> (artifact id: 'b95f9e8ee44d70f66e03d2411777d9de') in 0.1173082 seconds
Number of updated asset objects reloaded before import = 0Number of asset objects unloaded after import = 609

========================================================================
Received Import Request.
  Time since last request: 0.000032 seconds.
  path: Assets/ThirdParty/GoldenSkullStudios/2D/2D_Iso_Tile_Pack_Starter/Autotiles/Roof_Hay_Simple/Sprites/ISO_Roof_Hay_01_T_E1_NE.png
  artifactKey: Guid(88ac5896e3437e6428fbd35801b5098c) Importer(815301076,1909f56bfc062723c751e8b465ee728b)
Start importing Assets/ThirdParty/GoldenSkullStudios/2D/2D_Iso_Tile_Pack_Starter/Autotiles/Roof_Hay_Simple/Sprites/ISO_Roof_Hay_01_T_E1_NE.png using Guid(88ac5896e3437e6428fbd35801b5098c) Importer(815301076,1909f56bfc062723c751e8b465ee728b) (PreviewImporter) -> (artifact id: '2663a9e7bea024ad65928b212fbc8a23') in 0.1109377 seconds
Number of updated asset objects reloaded before import = 0Number of asset objects unloaded after import = 609

========================================================================
Received Import Request.
  Time since last request: 0.706007 seconds.
  path: Assets/ThirdParty/GoldenSkullStudios/2D/2D_Iso_Tile_Pack_Starter/Sprites/Brick/ISO_Tile_Brick_Brick_01.png
  artifactKey: Guid(6dacdbed3a6b7514399df3d1f7af634a) Importer(815301076,1909f56bfc062723c751e8b465ee728b)
Start importing Assets/ThirdParty/GoldenSkullStudios/2D/2D_Iso_Tile_Pack_Starter/Sprites/Brick/ISO_Tile_Brick_Brick_01.png using Guid(6dacdbed3a6b7514399df3d1f7af634a) Importer(815301076,1909f56bfc062723c751e8b465ee728b) (PreviewImporter) -> (artifact id: '48eb05aff502c71a53434507b3b7dd2a') in 0.1191815 seconds
Number of updated asset objects reloaded before import = 0Number of asset objects unloaded after import = 609

========================================================================
Received Import Request.
  Time since last request: 0.360548 seconds.
  path: Assets/ThirdParty/GoldenSkullStudios/2D/2D_Iso_Tile_Pack_Starter/Sprites/Brick/ISO_Tile_Brick_Stone_01.png
  artifactKey: Guid(ff1328e61be82ba4cb0d533e0bc16578) Importer(815301076,1909f56bfc062723c751e8b465ee728b)
Start importing Assets/ThirdParty/GoldenSkullStudios/2D/2D_Iso_Tile_Pack_Starter/Sprites/Brick/ISO_Tile_Brick_Stone_01.png using Guid(ff1328e61be82ba4cb0d533e0bc16578) Importer(815301076,1909f56bfc062723c751e8b465ee728b) (PreviewImporter) -> (artifact id: '2d9d3ab9122057bba31a527400e5a243') in 0.1263259 seconds
Number of updated asset objects reloaded before import = 0Number of asset objects unloaded after import = 609

========================================================================
Received Import Request.
  Time since last request: 0.296290 seconds.
  path: Assets/ThirdParty/GoldenSkullStudios/2D/2D_Iso_Tile_Pack_Starter/Sprites/Dirt/ISO_Tile_Dirt_01.png
  artifactKey: Guid(38f0f07655250c84c8d60e98f52ddd59) Importer(815301076,1909f56bfc062723c751e8b465ee728b)
Start importing Assets/ThirdParty/GoldenSkullStudios/2D/2D_Iso_Tile_Pack_Starter/Sprites/Dirt/ISO_Tile_Dirt_01.png using Guid(38f0f07655250c84c8d60e98f52ddd59) Importer(815301076,1909f56bfc062723c751e8b465ee728b) (PreviewImporter) -> (artifact id: 'f19a958d9f87c397241ce41eebff5f49') in 0.1207504 seconds
Number of updated asset objects reloaded before import = 0Number of asset objects unloaded after import = 609

========================================================================
Received Import Request.
  Time since last request: 0.253347 seconds.
  path: Assets/ThirdParty/GoldenSkullStudios/2D/2D_Iso_Tile_Pack_Starter/Autotiles/Path/Sprites/ISO_Tile_Dirt_01_GrassPath_3Cross_02.png
  artifactKey: Guid(8d0ea7c6932260f418e7e2b8dd14f2a6) Importer(815301076,1909f56bfc062723c751e8b465ee728b)
Start importing Assets/ThirdParty/GoldenSkullStudios/2D/2D_Iso_Tile_Pack_Starter/Autotiles/Path/Sprites/ISO_Tile_Dirt_01_GrassPath_3Cross_02.png using Guid(8d0ea7c6932260f418e7e2b8dd14f2a6) Importer(815301076,1909f56bfc062723c751e8b465ee728b) (PreviewImporter) -> (artifact id: '98e4e88f5191bd6f5a360e608da79e90') in 0.122945 seconds
Number of updated asset objects reloaded before import = 0Number of asset objects unloaded after import = 609

========================================================================
Received Import Request.
  Time since last request: 0.000026 seconds.
  path: Assets/ThirdParty/GoldenSkullStudios/2D/2D_Iso_Tile_Pack_Starter/Autotiles/Path/Sprites/ISO_Tile_Dirt_01_GrassPath_Curve_01.png
  artifactKey: Guid(f19fa1a145c3d644ead1a5e87518ac35) Importer(815301076,1909f56bfc062723c751e8b465ee728b)
Start importing Assets/ThirdParty/GoldenSkullStudios/2D/2D_Iso_Tile_Pack_Starter/Autotiles/Path/Sprites/ISO_Tile_Dirt_01_GrassPath_Curve_01.png using Guid(f19fa1a145c3d644ead1a5e87518ac35) Importer(815301076,1909f56bfc062723c751e8b465ee728b) (PreviewImporter) -> (artifact id: 'feef7ee38b8c0a13564f59b01075d5de') in 0.1212535 seconds
Number of updated asset objects reloaded before import = 0Number of asset objects unloaded after import = 609

========================================================================
Received Import Request.
  Time since last request: 1.096622 seconds.
  path: Assets/ThirdParty/GoldenSkullStudios/2D/2D_Iso_Tile_Pack_Starter/Autotiles/Path/Sprites/ISO_Tile_Dirt_01_GrassPath_End_02.png
  artifactKey: Guid(154cf741d9069c549b326d280d5a3573) Importer(815301076,1909f56bfc062723c751e8b465ee728b)
Start importing Assets/ThirdParty/GoldenSkullStudios/2D/2D_Iso_Tile_Pack_Starter/Autotiles/Path/Sprites/ISO_Tile_Dirt_01_GrassPath_End_02.png using Guid(154cf741d9069c549b326d280d5a3573) Importer(815301076,1909f56bfc062723c751e8b465ee728b) (PreviewImporter) -> (artifact id: 'cb47031d2d8be4d03a581d0f659f174a') in 0.1363595 seconds
Number of updated asset objects reloaded before import = 0Number of asset objects unloaded after import = 609

========================================================================
Received Import Request.
  Time since last request: 0.000024 seconds.
  path: Assets/ThirdParty/GoldenSkullStudios/2D/2D_Iso_Tile_Pack_Starter/Sprites/Stone/ISO_Tile_Riverbed_01.png
  artifactKey: Guid(4f9d3a5b153ec5645984c247b4019dba) Importer(815301076,1909f56bfc062723c751e8b465ee728b)
Start importing Assets/ThirdParty/GoldenSkullStudios/2D/2D_Iso_Tile_Pack_Starter/Sprites/Stone/ISO_Tile_Riverbed_01.png using Guid(4f9d3a5b153ec5645984c247b4019dba) Importer(815301076,1909f56bfc062723c751e8b465ee728b) (PreviewImporter) -> (artifact id: 'da0cd9240ffac9e47a920b139b51e6b8') in 0.1238258 seconds
Number of updated asset objects reloaded before import = 0Number of asset objects unloaded after import = 609

========================================================================
Received Import Request.
  Time since last request: 0.000026 seconds.
  path: Assets/ThirdParty/GoldenSkullStudios/2D/2D_Iso_Tile_Pack_Starter/Sprites/Stone/ISO_Tile_Riverbed_04.png
  artifactKey: Guid(fc973a14319837a49bcf418f112a1533) Importer(815301076,1909f56bfc062723c751e8b465ee728b)
Start importing Assets/ThirdParty/GoldenSkullStudios/2D/2D_Iso_Tile_Pack_Starter/Sprites/Stone/ISO_Tile_Riverbed_04.png using Guid(fc973a14319837a49bcf418f112a1533) Importer(815301076,1909f56bfc062723c751e8b465ee728b) (PreviewImporter) -> (artifact id: '0d1c66df722837253906e83f3e39bc45') in 0.1206367 seconds
Number of updated asset objects reloaded before import = 0Number of asset objects unloaded after import = 609

========================================================================
Received Import Request.
  Time since last request: 0.000038 seconds.
  path: Assets/ThirdParty/Cainos/Pixel Art Top Down - Basic/Texture/TX Tileset Grass.png
  artifactKey: Guid(1c9ed9d1200c29d4cbfd2071028c1cd5) Importer(815301076,1909f56bfc062723c751e8b465ee728b)
Start importing Assets/ThirdParty/Cainos/Pixel Art Top Down - Basic/Texture/TX Tileset Grass.png using Guid(1c9ed9d1200c29d4cbfd2071028c1cd5) Importer(815301076,1909f56bfc062723c751e8b465ee728b) (PreviewImporter) -> (artifact id: '982372bd4a05994c41ca1d0b7391873b') in 0.0617308 seconds
Number of updated asset objects reloaded before import = 0Number of asset objects unloaded after import = 66

========================================================================
Received Import Request.
  Time since last request: 0.000016 seconds.
  path: Assets/ThirdParty/AIMarina/CasualFarm/Sprite/log--white-background.png
  artifactKey: Guid(99d383a24887916419bec0597b073a3e) Importer(815301076,1909f56bfc062723c751e8b465ee728b)
Start importing Assets/ThirdParty/AIMarina/CasualFarm/Sprite/log--white-background.png using Guid(99d383a24887916419bec0597b073a3e) Importer(815301076,1909f56bfc062723c751e8b465ee728b) (PreviewImporter) -> (artifact id: '69aa6d4b74dc169d391304568a913b37') in 0.0077467 seconds
Number of updated asset objects reloaded before import = 0Number of asset objects unloaded after import = 3

========================================================================
Received Import Request.
  Time since last request: 0.000017 seconds.
  path: Assets/ThirdParty/AIMarina/CasualFarm/Sprite/peach--white-background.png
  artifactKey: Guid(35b122a431680d1439cd3b8bf07c1b9e) Importer(815301076,1909f56bfc062723c751e8b465ee728b)
Start importing Assets/ThirdParty/AIMarina/CasualFarm/Sprite/peach--white-background.png using Guid(35b122a431680d1439cd3b8bf07c1b9e) Importer(815301076,1909f56bfc062723c751e8b465ee728b) (PreviewImporter) -> (artifact id: '2a81df5fd806ff146937643f342fa054') in 0.0084512 seconds
Number of updated asset objects reloaded before import = 0Number of asset objects unloaded after import = 3

========================================================================
Received Import Request.
  Time since last request: 0.000018 seconds.
  path: Assets/ThirdParty/Cainos/Pixel Art Top Down - Basic/Texture/TX Shadow.png
  artifactKey: Guid(ed7554aeefd5da44a9fe1ee9b93afe77) Importer(815301076,1909f56bfc062723c751e8b465ee728b)
Start importing Assets/ThirdParty/Cainos/Pixel Art Top Down - Basic/Texture/TX Shadow.png using Guid(ed7554aeefd5da44a9fe1ee9b93afe77) Importer(815301076,1909f56bfc062723c751e8b465ee728b) (PreviewImporter) -> (artifact id: '93121afad60c1d6b88c291aabc91f2c2') in 0.0651727 seconds
Number of updated asset objects reloaded before import = 0Number of asset objects unloaded after import = 45

========================================================================
Received Import Request.
  Time since last request: 0.000015 seconds.
  path: Assets/ThirdParty/GoldenSkullStudios/2D/2D_Iso_Tile_Pack_Starter/Autotiles/Path/Sprites/ISO_Tile_Dirt_01_GrassPath_Straight_01.png
  artifactKey: Guid(4a0616b303beb3c458acd3efd863e3ab) Importer(815301076,1909f56bfc062723c751e8b465ee728b)
Start importing Assets/ThirdParty/GoldenSkullStudios/2D/2D_Iso_Tile_Pack_Starter/Autotiles/Path/Sprites/ISO_Tile_Dirt_01_GrassPath_Straight_01.png using Guid(4a0616b303beb3c458acd3efd863e3ab) Importer(815301076,1909f56bfc062723c751e8b465ee728b) (PreviewImporter) -> (artifact id: '3c5c61d06dba6a511a4a06d57b955589') in 0.1265047 seconds
Number of updated asset objects reloaded before import = 0Number of asset objects unloaded after import = 609

========================================================================
Received Import Request.
  Time since last request: 0.000023 seconds.
  path: Assets/ThirdParty/AIMarina/CasualFarm/Sprite/user-profile--white-background.png
  artifactKey: Guid(558655118a18c1145b9c00b87fa897cc) Importer(815301076,1909f56bfc062723c751e8b465ee728b)
Start importing Assets/ThirdParty/AIMarina/CasualFarm/Sprite/user-profile--white-background.png using Guid(558655118a18c1145b9c00b87fa897cc) Importer(815301076,1909f56bfc062723c751e8b465ee728b) (PreviewImporter) -> (artifact id: '329ad5f14f6644fbbfa27b2de60bfd4a') in 0.0068398 seconds
Number of updated asset objects reloaded before import = 0Number of asset objects unloaded after import = 3

========================================================================
Received Import Request.
  Time since last request: 0.000025 seconds.
  path: Assets/ThirdParty/GoldenSkullStudios/2D/2D_Iso_Tile_Pack_Starter/Sprites/Sand/ISO_Tile_Sand_02.png
  artifactKey: Guid(d6ee73221ba9a1348b48655847c28b3e) Importer(815301076,1909f56bfc062723c751e8b465ee728b)
Start importing Assets/ThirdParty/GoldenSkullStudios/2D/2D_Iso_Tile_Pack_Starter/Sprites/Sand/ISO_Tile_Sand_02.png using Guid(d6ee73221ba9a1348b48655847c28b3e) Importer(815301076,1909f56bfc062723c751e8b465ee728b) (PreviewImporter) -> (artifact id: '20d3066188a28fde682e54349f732b9d') in 0.1247923 seconds
Number of updated asset objects reloaded before import = 0Number of asset objects unloaded after import = 609

========================================================================
Received Import Request.
  Time since last request: 0.000021 seconds.
  path: Assets/ThirdParty/GoldenSkullStudios/2D/2D_Iso_Tile_Pack_Starter/Autotiles/Path/Sprites/ISO_Tile_Dirt_01_GrassPath_Single.png
  artifactKey: Guid(4fa1d04c987d2824ab1a53a2abad9069) Importer(815301076,1909f56bfc062723c751e8b465ee728b)
Start importing Assets/ThirdParty/GoldenSkullStudios/2D/2D_Iso_Tile_Pack_Starter/Autotiles/Path/Sprites/ISO_Tile_Dirt_01_GrassPath_Single.png using Guid(4fa1d04c987d2824ab1a53a2abad9069) Importer(815301076,1909f56bfc062723c751e8b465ee728b) (PreviewImporter) -> (artifact id: '24433e325760b9156d0f980f13151b02') in 0.1278104 seconds
Number of updated asset objects reloaded before import = 0Number of asset objects unloaded after import = 609

========================================================================
Received Import Request.
  Time since last request: 0.000021 seconds.
  path: Assets/ThirdParty/GoldenSkullStudios/2D/2D_Iso_Tile_Pack_Starter/Autotiles/WaterBlock_Shores_Simple/Sprites/ISO_Tile_Water_Shore_2S_01.png
  artifactKey: Guid(cde0540a3ed58c840af2820dfcab3a1d) Importer(815301076,1909f56bfc062723c751e8b465ee728b)
Start importing Assets/ThirdParty/GoldenSkullStudios/2D/2D_Iso_Tile_Pack_Starter/Autotiles/WaterBlock_Shores_Simple/Sprites/ISO_Tile_Water_Shore_2S_01.png using Guid(cde0540a3ed58c840af2820dfcab3a1d) Importer(815301076,1909f56bfc062723c751e8b465ee728b) (PreviewImporter) -> (artifact id: 'ad0f6eb7e93becbb4b87d584e28abb62') in 0.1317835 seconds
Number of updated asset objects reloaded before import = 0Number of asset objects unloaded after import = 609

========================================================================
Received Import Request.
  Time since last request: 0.000033 seconds.
  path: Assets/ThirdParty/AIMarina/CasualFarm/Sprite/water-trough--white-background.png
  artifactKey: Guid(f396beca7ffae774a8cd1be56f97f596) Importer(815301076,1909f56bfc062723c751e8b465ee728b)
Start importing Assets/ThirdParty/AIMarina/CasualFarm/Sprite/water-trough--white-background.png using Guid(f396beca7ffae774a8cd1be56f97f596) Importer(815301076,1909f56bfc062723c751e8b465ee728b) (PreviewImporter) -> (artifact id: '9ff2f181891636e487d1a6d0a781eb88') in 0.0074102 seconds
Number of updated asset objects reloaded before import = 0Number of asset objects unloaded after import = 3

========================================================================
Received Import Request.
  Time since last request: 0.000015 seconds.
  path: Assets/ThirdParty/AIMarina/CasualFarm/Sprite/orange-jam--white-background.png
  artifactKey: Guid(541c6f57f549f0443ba767835e167cc0) Importer(815301076,1909f56bfc062723c751e8b465ee728b)
Start importing Assets/ThirdParty/AIMarina/CasualFarm/Sprite/orange-jam--white-background.png using Guid(541c6f57f549f0443ba767835e167cc0) Importer(815301076,1909f56bfc062723c751e8b465ee728b) (PreviewImporter) -> (artifact id: 'a440284aed22854384c36590e6e9eb41') in 0.0077714 seconds
Number of updated asset objects reloaded before import = 0Number of asset objects unloaded after import = 3

========================================================================
Received Import Request.
  Time since last request: 0.000014 seconds.
  path: Assets/ThirdParty/AIMarina/CasualFarm/Sprite/sorghum--white-background.png
  artifactKey: Guid(e56523ddeb8d0e04eab88b970e7f9de3) Importer(815301076,1909f56bfc062723c751e8b465ee728b)
Start importing Assets/ThirdParty/AIMarina/CasualFarm/Sprite/sorghum--white-background.png using Guid(e56523ddeb8d0e04eab88b970e7f9de3) Importer(815301076,1909f56bfc062723c751e8b465ee728b) (PreviewImporter) -> (artifact id: '778bb96bdf7f7c0c6a18eaadd1f408ca') in 0.0078073 seconds
Number of updated asset objects reloaded before import = 0Number of asset objects unloaded after import = 3

========================================================================
Received Import Request.
  Time since last request: 0.000018 seconds.
  path: Assets/ThirdParty/GoldenSkullStudios/2D/2D_Iso_Tile_Pack_Starter/Sprites/Snow/ISO_Tile_Snow_02_ToStone_01.png
  artifactKey: Guid(ee37e4313b2352548944e3335a14212f) Importer(815301076,1909f56bfc062723c751e8b465ee728b)
Start importing Assets/ThirdParty/GoldenSkullStudios/2D/2D_Iso_Tile_Pack_Starter/Sprites/Snow/ISO_Tile_Snow_02_ToStone_01.png using Guid(ee37e4313b2352548944e3335a14212f) Importer(815301076,1909f56bfc062723c751e8b465ee728b) (PreviewImporter) -> (artifact id: '86f97de25ddb2db090bdb9d37e607d58') in 0.1241303 seconds
Number of updated asset objects reloaded before import = 0Number of asset objects unloaded after import = 609

========================================================================
Received Import Request.
  Time since last request: 0.000022 seconds.
  path: Assets/ThirdParty/AIMarina/CasualFarm/Sprite/soybeans--white-background.png
  artifactKey: Guid(50a5203bd18f96144ad771dc4354fb9a) Importer(815301076,1909f56bfc062723c751e8b465ee728b)
Start importing Assets/ThirdParty/AIMarina/CasualFarm/Sprite/soybeans--white-background.png using Guid(50a5203bd18f96144ad771dc4354fb9a) Importer(815301076,1909f56bfc062723c751e8b465ee728b) (PreviewImporter) -> (artifact id: '75089991a1db0e42b83d0ae1575742c9') in 0.0070789 seconds
Number of updated asset objects reloaded before import = 0Number of asset objects unloaded after import = 3

========================================================================
Received Import Request.
  Time since last request: 0.000016 seconds.
  path: Assets/ThirdParty/GoldenSkullStudios/2D/2D_Iso_Tile_Pack_Starter/Autotiles/WaterBlock_Shores_Complex/Sprites/ISO_Tile_Water_Shore_2S1C_02.png
  artifactKey: Guid(0945bdb1447a27c4e99f7fcdf9a11672) Importer(815301076,1909f56bfc062723c751e8b465ee728b)
Start importing Assets/ThirdParty/GoldenSkullStudios/2D/2D_Iso_Tile_Pack_Starter/Autotiles/WaterBlock_Shores_Complex/Sprites/ISO_Tile_Water_Shore_2S1C_02.png using Guid(0945bdb1447a27c4e99f7fcdf9a11672) Importer(815301076,1909f56bfc062723c751e8b465ee728b) (PreviewImporter) -> (artifact id: '48864022f98d5611673aaaefbd0d5988') in 0.1183982 seconds
Number of updated asset objects reloaded before import = 0Number of asset objects unloaded after import = 609

========================================================================
Received Import Request.
  Time since last request: 0.000024 seconds.
  path: Assets/ThirdParty/AIMarina/CasualFarm/Sprite/peas-in-pod--white-background.png
  artifactKey: Guid(b747cf7d509650d48a58e47e06c322cd) Importer(815301076,1909f56bfc062723c751e8b465ee728b)
Start importing Assets/ThirdParty/AIMarina/CasualFarm/Sprite/peas-in-pod--white-background.png using Guid(b747cf7d509650d48a58e47e06c322cd) Importer(815301076,1909f56bfc062723c751e8b465ee728b) (PreviewImporter) -> (artifact id: 'bdda3e9edbc1684d9a2d8b7a548dba72') in 0.0078762 seconds
Number of updated asset objects reloaded before import = 0Number of asset objects unloaded after import = 3

========================================================================
Received Import Request.
  Time since last request: 0.000026 seconds.
  path: Assets/ThirdParty/GoldenSkullStudios/2D/2D_Iso_Tile_Pack_Starter/Autotiles/WaterBlock_Shores_Complex/Sprites/ISO_Tile_Water_Shore_1S1C_08.png
  artifactKey: Guid(a432c43175153354687a0364d133071f) Importer(815301076,1909f56bfc062723c751e8b465ee728b)
Start importing Assets/ThirdParty/GoldenSkullStudios/2D/2D_Iso_Tile_Pack_Starter/Autotiles/WaterBlock_Shores_Complex/Sprites/ISO_Tile_Water_Shore_1S1C_08.png using Guid(a432c43175153354687a0364d133071f) Importer(815301076,1909f56bfc062723c751e8b465ee728b) (PreviewImporter) -> (artifact id: '2abb986f71da99faf56b01a55fbafc04') in 0.1194387 seconds
Number of updated asset objects reloaded before import = 0Number of asset objects unloaded after import = 609

========================================================================
Received Import Request.
  Time since last request: 0.000017 seconds.
  path: Assets/ThirdParty/GoldenSkullStudios/2D/2D_Iso_Tile_Pack_Starter/Sprites/Sand/ISO_Tile_Sand_01_ToStone_01.png
  artifactKey: Guid(392702bfcd797fb428e9644451a756ef) Importer(815301076,1909f56bfc062723c751e8b465ee728b)
Start importing Assets/ThirdParty/GoldenSkullStudios/2D/2D_Iso_Tile_Pack_Starter/Sprites/Sand/ISO_Tile_Sand_01_ToStone_01.png using Guid(392702bfcd797fb428e9644451a756ef) Importer(815301076,1909f56bfc062723c751e8b465ee728b) (PreviewImporter) -> (artifact id: '295b6df1f4701b137fb59e9b0a338c45') in 0.1353792 seconds
Number of updated asset objects reloaded before import = 0Number of asset objects unloaded after import = 609

========================================================================
Received Import Request.
  Time since last request: 0.000036 seconds.
  path: Assets/ThirdParty/GoldenSkullStudios/2D/2D_Iso_Tile_Pack_Starter/Sprites/Snow/ISO_Tile_Snow_01_ToStone_01.png
  artifactKey: Guid(8f6a5216709da5543b82b29539b94be4) Importer(815301076,1909f56bfc062723c751e8b465ee728b)
Start importing Assets/ThirdParty/GoldenSkullStudios/2D/2D_Iso_Tile_Pack_Starter/Sprites/Snow/ISO_Tile_Snow_01_ToStone_01.png using Guid(8f6a5216709da5543b82b29539b94be4) Importer(815301076,1909f56bfc062723c751e8b465ee728b) (PreviewImporter) -> (artifact id: 'b819d09ba765ad89674829d4d70fc692') in 0.1364652 seconds
Number of updated asset objects reloaded before import = 0Number of asset objects unloaded after import = 609

========================================================================
Received Import Request.
  Time since last request: 0.822607 seconds.
  path: Assets/ThirdParty/AIMarina/CasualFarm/Sprite/yogurt--white-background.png
  artifactKey: Guid(dce30061c3f7b7548ac7014e2270300f) Importer(815301076,1909f56bfc062723c751e8b465ee728b)
Start importing Assets/ThirdParty/AIMarina/CasualFarm/Sprite/yogurt--white-background.png using Guid(dce30061c3f7b7548ac7014e2270300f) Importer(815301076,1909f56bfc062723c751e8b465ee728b) (PreviewImporter) -> (artifact id: 'ac23aa68314361dacf874ed7f39d23f5') in 0.0084073 seconds
Number of updated asset objects reloaded before import = 0Number of asset objects unloaded after import = 3

========================================================================
Received Import Request.
  Time since last request: 1.350882 seconds.
  path: Assets/ThirdParty/AIMarina/CasualFarm/Sprite/tomato--white-background.png
  artifactKey: Guid(a4fb6002f6069e343aaf0f6547cb20cd) Importer(815301076,1909f56bfc062723c751e8b465ee728b)
Start importing Assets/ThirdParty/AIMarina/CasualFarm/Sprite/tomato--white-background.png using Guid(a4fb6002f6069e343aaf0f6547cb20cd) Importer(815301076,1909f56bfc062723c751e8b465ee728b) (PreviewImporter) -> (artifact id: 'a2cf92e72e4efeddeb3c0a2a7dc59904') in 0.008867 seconds
Number of updated asset objects reloaded before import = 0Number of asset objects unloaded after import = 3

========================================================================
Received Import Request.
  Time since last request: 0.708667 seconds.
  path: Assets/ThirdParty/AIMarina/CasualFarm/Sprite/soybeans--white-background (1).png
  artifactKey: Guid(5ebf2af569f944f4184213819a10ab37) Importer(815301076,1909f56bfc062723c751e8b465ee728b)
Start importing Assets/ThirdParty/AIMarina/CasualFarm/Sprite/soybeans--white-background (1).png using Guid(5ebf2af569f944f4184213819a10ab37) Importer(815301076,1909f56bfc062723c751e8b465ee728b) (PreviewImporter) -> (artifact id: 'e8fe4330024663a040bda96f15997dc1') in 0.011872 seconds
Number of updated asset objects reloaded before import = 0Number of asset objects unloaded after import = 3

========================================================================
Received Import Request.
  Time since last request: 0.026908 seconds.
  path: Assets/ThirdParty/AIMarina/CasualFarm/Sprite/rose--white-background.png
  artifactKey: Guid(e30e2f78bda34874b9c1b138c7016c16) Importer(815301076,1909f56bfc062723c751e8b465ee728b)
Start importing Assets/ThirdParty/AIMarina/CasualFarm/Sprite/rose--white-background.png using Guid(e30e2f78bda34874b9c1b138c7016c16) Importer(815301076,1909f56bfc062723c751e8b465ee728b) (PreviewImporter) -> (artifact id: '145b2f8eb231862f61da1101d0726632') in 0.0093475 seconds
Number of updated asset objects reloaded before import = 0Number of asset objects unloaded after import = 3

========================================================================
Received Import Request.
  Time since last request: 0.000021 seconds.
  path: Assets/ThirdParty/AIMarina/CasualFarm/Sprite/rye--white-background.png
  artifactKey: Guid(fa5762ab40423cc4b8275e03d1c28f0a) Importer(815301076,1909f56bfc062723c751e8b465ee728b)
Start importing Assets/ThirdParty/AIMarina/CasualFarm/Sprite/rye--white-background.png using Guid(fa5762ab40423cc4b8275e03d1c28f0a) Importer(815301076,1909f56bfc062723c751e8b465ee728b) (PreviewImporter) -> (artifact id: '770759df03a0ffc42ab80b6a3c78f378') in 0.0082866 seconds
Number of updated asset objects reloaded before import = 0Number of asset objects unloaded after import = 3

========================================================================
Received Import Request.
  Time since last request: 0.025056 seconds.
  path: Assets/ThirdParty/AIMarina/CasualFarm/Sprite/raw-meat-cut--white-background.png
  artifactKey: Guid(240710eae58818b46a9a296c80cfb615) Importer(815301076,1909f56bfc062723c751e8b465ee728b)
Start importing Assets/ThirdParty/AIMarina/CasualFarm/Sprite/raw-meat-cut--white-background.png using Guid(240710eae58818b46a9a296c80cfb615) Importer(815301076,1909f56bfc062723c751e8b465ee728b) (PreviewImporter) -> (artifact id: '53f6e7865d7e6663e89960a498a764a4') in 0.0098799 seconds
Number of updated asset objects reloaded before import = 0Number of asset objects unloaded after import = 3

========================================================================
Received Import Request.
  Time since last request: 0.000021 seconds.
  path: Assets/ThirdParty/AIMarina/CasualFarm/Sprite/refresh-arrow--white-background.png
  artifactKey: Guid(153b9cc4c6204b64bb3c9aa44ed5befa) Importer(815301076,1909f56bfc062723c751e8b465ee728b)
Start importing Assets/ThirdParty/AIMarina/CasualFarm/Sprite/refresh-arrow--white-background.png using Guid(153b9cc4c6204b64bb3c9aa44ed5befa) Importer(815301076,1909f56bfc062723c751e8b465ee728b) (PreviewImporter) -> (artifact id: '5f441d3df92f6b993adb2cc844b01ac3') in 0.0091472 seconds
Number of updated asset objects reloaded before import = 0Number of asset objects unloaded after import = 3

========================================================================
Received Import Request.
  Time since last request: 0.000020 seconds.
  path: Assets/ThirdParty/AIMarina/CasualFarm/Sprite/rice--white-background.png
  artifactKey: Guid(becf138e73cf5994fbe1f51e91f38332) Importer(815301076,1909f56bfc062723c751e8b465ee728b)
Start importing Assets/ThirdParty/AIMarina/CasualFarm/Sprite/rice--white-background.png using Guid(becf138e73cf5994fbe1f51e91f38332) Importer(815301076,1909f56bfc062723c751e8b465ee728b) (PreviewImporter) -> (artifact id: 'd394f05292b7d22ab55a2ad64bf2f493') in 0.0087217 seconds
Number of updated asset objects reloaded before import = 0Number of asset objects unloaded after import = 3

========================================================================
Received Import Request.
  Time since last request: 0.000017 seconds.
  path: Assets/ThirdParty/AIMarina/CasualFarm/Sprite/pumpkin--white-background.png
  artifactKey: Guid(94026351ee8083f4eafd3415ee2e2000) Importer(815301076,1909f56bfc062723c751e8b465ee728b)
Start importing Assets/ThirdParty/AIMarina/CasualFarm/Sprite/pumpkin--white-background.png using Guid(94026351ee8083f4eafd3415ee2e2000) Importer(815301076,1909f56bfc062723c751e8b465ee728b) (PreviewImporter) -> (artifact id: '8b2b45a11b08dbe621d00fac567989b6') in 0.0067681 seconds
Number of updated asset objects reloaded before import = 0Number of asset objects unloaded after import = 3

Editor requested this worker to shutdown with reason: Scaling down because of idle timeout
AssetImportWorker is now disconnected from the server
Process exiting
Exiting without the bug reporter. Application will terminate with return code 0